[debug] [2025-07-21T18:02:04.020Z] [Firebase Plugin] Activating Firebase extension.
[debug] [2025-07-21T18:02:16.428Z] [Firebase Plugin] requireAuthWrapper
[debug] [2025-07-21T18:02:16.432Z] > command requires scopes: ["email","openid","https://www.googleapis.com/auth/cloudplatformprojects.readonly","https://www.googleapis.com/auth/firebase","https://www.googleapis.com/auth/cloud-platform"]
[debug] [2025-07-21T18:02:16.433Z] > authorizing via signed-in user (zeftawyapps@gmail.com)
[debug] [2025-07-21T18:02:16.438Z] Checked if tokens are valid: false, expires at: 1753025137630
[debug] [2025-07-21T18:02:16.439Z] Checked if tokens are valid: false, expires at: 1753025137630
[debug] [2025-07-21T18:02:16.439Z] > refreshing access token with scopes: []
[debug] [2025-07-21T18:02:16.442Z] >>> [apiv2][query] POST https://www.googleapis.com/oauth2/v3/token [none]
[debug] [2025-07-21T18:02:16.442Z] >>> [apiv2][body] POST https://www.googleapis.com/oauth2/v3/token [omitted]
[debug] [2025-07-21T18:02:16.464Z] [Firebase Plugin] VSCode notification server listening on port 40001
[debug] [2025-07-21T18:02:16.824Z] Object "" in "firebase.json" has unknown property: {"additionalProperty":"pubsub"}
[info] [Firebase Plugin] Starting Data Connect toolkit (version 2.10.0) on port 50001
[info] i  dataconnect: downloading dataconnect-emulator-2.10.0.exe... {"metadata":{"emulator":{"name":"dataconnect"},"message":"downloading dataconnect-emulator-2.10.0.exe..."}}
[debug] [2025-07-21T18:02:16.844Z] >>> [apiv2][query] GET https://storage.googleapis.com/firemat-preview-drop/emulator/dataconnect-emulator-windows-v2.10.0 
[debug] [2025-07-21T18:02:17.092Z] <<< [apiv2][status] POST https://www.googleapis.com/oauth2/v3/token 200
[debug] [2025-07-21T18:02:17.093Z] <<< [apiv2][body] POST https://www.googleapis.com/oauth2/v3/token [omitted]
[debug] [2025-07-21T18:02:17.130Z] [Firebase Plugin] User found:  zeftawyapps@gmail.com
[info] [Firebase Plugin] (Core:Project) New user detected, fetching projects
[debug] [2025-07-21T18:02:17.132Z] Checked if tokens are valid: true, expires at: 1753124536094
[debug] [2025-07-21T18:02:17.133Z] >>> [apiv2][query] GET https://firebase.googleapis.com/v1beta1/projects pageSize=1000
[debug] [2025-07-21T18:02:17.466Z] <<< [apiv2][status] GET https://storage.googleapis.com/firemat-preview-drop/emulator/dataconnect-emulator-windows-v2.10.0 200
[debug] [2025-07-21T18:02:17.466Z] <<< [apiv2][body] GET https://storage.googleapis.com/firemat-preview-drop/emulator/dataconnect-emulator-windows-v2.10.0 [stream]
[debug] [2025-07-21T18:02:17.893Z] <<< [apiv2][status] GET https://firebase.googleapis.com/v1beta1/projects 200
[debug] [2025-07-21T18:02:17.893Z] <<< [apiv2][body] GET https://firebase.googleapis.com/v1beta1/projects [omitted]
[info] i  dataconnect: Removing outdated emulator files: dataconnect-emulator-2.1.0.exe {"metadata":{"emulator":{"name":"dataconnect"},"message":"Removing outdated emulator files: dataconnect-emulator-2.1.0.exe"}}
[debug] [2025-07-21T18:03:55.551Z] 'fdc build' failed with error: Unable to build your Data Connect schema and connectors (exit code 1): E0721 21:03:55.541177    4432 cmd.go:43] Error loading data connect config: could not find dataconnect.yaml in `f:\z_apps\products\pruduct_under_work\commerce-firebase\firebase-backend\dataconnect`
 {"metadata":{"emulator":{"name":"dataconnect"},"message":"'fdc build' failed with error: Unable to build your Data Connect schema and connectors (exit code 1): E0721 21:03:55.541177    4432 cmd.go:43] Error loading data connect config: could not find dataconnect.yaml in `f:\\z_apps\\products\\pruduct_under_work\\commerce-firebase\\firebase-backend\\dataconnect`\n"}}
[debug] [2025-07-21T18:03:55.552Z] Ignoring unsupported arg: auto_download {"metadata":{"emulator":{"name":"dataconnect"},"message":"Ignoring unsupported arg: auto_download"}}
[debug] [2025-07-21T18:03:55.553Z] Ignoring unsupported arg: port {"metadata":{"emulator":{"name":"dataconnect"},"message":"Ignoring unsupported arg: port"}}
[debug] [2025-07-21T18:03:55.553Z] Starting Data Connect Emulator with command {"binary":"C:\\Users\\HP\\.cache\\firebase\\emulators\\dataconnect-emulator-2.10.0.exe","args":["--logtostderr","-v=2","dev","--listen=localhost:50001","--config_dir=f:\\z_apps\\products\\pruduct_under_work\\commerce-firebase\\firebase-backend\\dataconnect","--enable_output_schema_extensions=true","--enable_output_generated_sdk=true"],"optionalArgs":["listen","config_dir","enable_output_schema_extensions","enable_output_generated_sdk"],"joinArgs":true,"shell":false,"port":9399} {"metadata":{"emulator":{"name":"dataconnect"},"message":"Starting Data Connect Emulator with command {\"binary\":\"C:\\\\Users\\\\HP\\\\.cache\\\\firebase\\\\emulators\\\\dataconnect-emulator-2.10.0.exe\",\"args\":[\"--logtostderr\",\"-v=2\",\"dev\",\"--listen=localhost:50001\",\"--config_dir=f:\\\\z_apps\\\\products\\\\pruduct_under_work\\\\commerce-firebase\\\\firebase-backend\\\\dataconnect\",\"--enable_output_schema_extensions=true\",\"--enable_output_generated_sdk=true\"],\"optionalArgs\":[\"listen\",\"config_dir\",\"enable_output_schema_extensions\",\"enable_output_generated_sdk\"],\"joinArgs\":true,\"shell\":false,\"port\":9399}"}}
[info] i  dataconnect: Data Connect Emulator logging to dataconnect-debug.log {"metadata":{"emulator":{"name":"dataconnect"},"message":"Data Connect Emulator logging to \u001b[1mdataconnect-debug.log\u001b[22m"}}
[debug] [2025-07-21T18:03:55.614Z] E0721 21:03:55.613257   12676 load.go:23] Could not load config from "f:\\z_apps\\products\\pruduct_under_work\\commerce-firebase\\firebase-backend\\dataconnect": could not find dataconnect.yaml in `f:\z_apps\products\pruduct_under_work\commerce-firebase\firebase-backend\dataconnect`
 {"metadata":{"emulator":{"name":"dataconnect"},"message":"E0721 21:03:55.613257   12676 load.go:23] Could not load config from \"f:\\\\z_apps\\\\products\\\\pruduct_under_work\\\\commerce-firebase\\\\firebase-backend\\\\dataconnect\": could not find dataconnect.yaml in `f:\\z_apps\\products\\pruduct_under_work\\commerce-firebase\\firebase-backend\\dataconnect`\n"}}
[debug] [2025-07-21T18:03:55.620Z] E0721 21:03:55.619554   12676 watch.go:76] watchAllDir unable to walk dir `f:\z_apps\products\pruduct_under_work\commerce-firebase\firebase-backend\dataconnect`: on path "f:\\z_apps\\products\\pruduct_under_work\\commerce-firebase\\firebase-backend\\dataconnect" (DirEntry: <nil>): CreateFile f:\z_apps\products\pruduct_under_work\commerce-firebase\firebase-backend\dataconnect: The system cannot find the file specified.
 {"metadata":{"emulator":{"name":"dataconnect"},"message":"E0721 21:03:55.619554   12676 watch.go:76] watchAllDir unable to walk dir `f:\\z_apps\\products\\pruduct_under_work\\commerce-firebase\\firebase-backend\\dataconnect`: on path \"f:\\\\z_apps\\\\products\\\\pruduct_under_work\\\\commerce-firebase\\\\firebase-backend\\\\dataconnect\" (DirEntry: <nil>): CreateFile f:\\z_apps\\products\\pruduct_under_work\\commerce-firebase\\firebase-backend\\dataconnect: The system cannot find the file specified.\n"}}
[debug] [2025-07-21T18:03:55.638Z] I0721 21:03:55.637955   12676 dev.go:95] Listening on address (HTTP + gRPC): 127.0.0.1:50001
 {"metadata":{"emulator":{"name":"dataconnect"},"message":"I0721 21:03:55.637955   12676 dev.go:95] Listening on address (HTTP + gRPC): 127.0.0.1:50001\n"}}
[error] [Firebase Plugin] error:  {}
[debug] [2025-07-21T18:04:05.620Z] E0721 21:04:05.619861   12676 load.go:23] Could not load config from "f:\\z_apps\\products\\pruduct_under_work\\commerce-firebase\\firebase-backend\\dataconnect": could not find dataconnect.yaml in `f:\z_apps\products\pruduct_under_work\commerce-firebase\firebase-backend\dataconnect`
 {"metadata":{"emulator":{"name":"dataconnect"},"message":"E0721 21:04:05.619861   12676 load.go:23] Could not load config from \"f:\\\\z_apps\\\\products\\\\pruduct_under_work\\\\commerce-firebase\\\\firebase-backend\\\\dataconnect\": could not find dataconnect.yaml in `f:\\z_apps\\products\\pruduct_under_work\\commerce-firebase\\firebase-backend\\dataconnect`\n"}}
[debug] [2025-07-21T18:04:15.620Z] E0721 21:04:15.620088   12676 load.go:23] Could not load config from "f:\\z_apps\\products\\pruduct_under_work\\commerce-firebase\\firebase-backend\\dataconnect": could not find dataconnect.yaml in `f:\z_apps\products\pruduct_under_work\commerce-firebase\firebase-backend\dataconnect`
 {"metadata":{"emulator":{"name":"dataconnect"},"message":"E0721 21:04:15.620088   12676 load.go:23] Could not load config from \"f:\\\\z_apps\\\\products\\\\pruduct_under_work\\\\commerce-firebase\\\\firebase-backend\\\\dataconnect\": could not find dataconnect.yaml in `f:\\z_apps\\products\\pruduct_under_work\\commerce-firebase\\firebase-backend\\dataconnect`\n"}}
[debug] [2025-07-21T18:04:25.620Z] E0721 21:04:25.620263   12676 load.go:23] Could not load config from "f:\\z_apps\\products\\pruduct_under_work\\commerce-firebase\\firebase-backend\\dataconnect": could not find dataconnect.yaml in `f:\z_apps\products\pruduct_under_work\commerce-firebase\firebase-backend\dataconnect`
 {"metadata":{"emulator":{"name":"dataconnect"},"message":"E0721 21:04:25.620263   12676 load.go:23] Could not load config from \"f:\\\\z_apps\\\\products\\\\pruduct_under_work\\\\commerce-firebase\\\\firebase-backend\\\\dataconnect\": could not find dataconnect.yaml in `f:\\z_apps\\products\\pruduct_under_work\\commerce-firebase\\firebase-backend\\dataconnect`\n"}}
[debug] [2025-07-21T18:04:35.621Z] E0721 21:04:35.620786   12676 load.go:23] Could not load config from "f:\\z_apps\\products\\pruduct_under_work\\commerce-firebase\\firebase-backend\\dataconnect": could not find dataconnect.yaml in `f:\z_apps\products\pruduct_under_work\commerce-firebase\firebase-backend\dataconnect`
 {"metadata":{"emulator":{"name":"dataconnect"},"message":"E0721 21:04:35.620786   12676 load.go:23] Could not load config from \"f:\\\\z_apps\\\\products\\\\pruduct_under_work\\\\commerce-firebase\\\\firebase-backend\\\\dataconnect\": could not find dataconnect.yaml in `f:\\z_apps\\products\\pruduct_under_work\\commerce-firebase\\firebase-backend\\dataconnect`\n"}}
[debug] [2025-07-21T18:04:45.621Z] E0721 21:04:45.620518   12676 load.go:23] Could not load config from "f:\\z_apps\\products\\pruduct_under_work\\commerce-firebase\\firebase-backend\\dataconnect": could not find dataconnect.yaml in `f:\z_apps\products\pruduct_under_work\commerce-firebase\firebase-backend\dataconnect`
 {"metadata":{"emulator":{"name":"dataconnect"},"message":"E0721 21:04:45.620518   12676 load.go:23] Could not load config from \"f:\\\\z_apps\\\\products\\\\pruduct_under_work\\\\commerce-firebase\\\\firebase-backend\\\\dataconnect\": could not find dataconnect.yaml in `f:\\z_apps\\products\\pruduct_under_work\\commerce-firebase\\firebase-backend\\dataconnect`\n"}}
[debug] [2025-07-21T18:04:55.620Z] E0721 21:04:55.620114   12676 load.go:23] Could not load config from "f:\\z_apps\\products\\pruduct_under_work\\commerce-firebase\\firebase-backend\\dataconnect": could not find dataconnect.yaml in `f:\z_apps\products\pruduct_under_work\commerce-firebase\firebase-backend\dataconnect`
 {"metadata":{"emulator":{"name":"dataconnect"},"message":"E0721 21:04:55.620114   12676 load.go:23] Could not load config from \"f:\\\\z_apps\\\\products\\\\pruduct_under_work\\\\commerce-firebase\\\\firebase-backend\\\\dataconnect\": could not find dataconnect.yaml in `f:\\z_apps\\products\\pruduct_under_work\\commerce-firebase\\firebase-backend\\dataconnect`\n"}}
[debug] [2025-07-21T18:05:05.620Z] E0721 21:05:05.619696   12676 load.go:23] Could not load config from "f:\\z_apps\\products\\pruduct_under_work\\commerce-firebase\\firebase-backend\\dataconnect": could not find dataconnect.yaml in `f:\z_apps\products\pruduct_under_work\commerce-firebase\firebase-backend\dataconnect`
 {"metadata":{"emulator":{"name":"dataconnect"},"message":"E0721 21:05:05.619696   12676 load.go:23] Could not load config from \"f:\\\\z_apps\\\\products\\\\pruduct_under_work\\\\commerce-firebase\\\\firebase-backend\\\\dataconnect\": could not find dataconnect.yaml in `f:\\z_apps\\products\\pruduct_under_work\\commerce-firebase\\firebase-backend\\dataconnect`\n"}}
[debug] [2025-07-21T18:05:15.620Z] E0721 21:05:15.620550   12676 load.go:23] Could not load config from "f:\\z_apps\\products\\pruduct_under_work\\commerce-firebase\\firebase-backend\\dataconnect": could not find dataconnect.yaml in `f:\z_apps\products\pruduct_under_work\commerce-firebase\firebase-backend\dataconnect`
 {"metadata":{"emulator":{"name":"dataconnect"},"message":"E0721 21:05:15.620550   12676 load.go:23] Could not load config from \"f:\\\\z_apps\\\\products\\\\pruduct_under_work\\\\commerce-firebase\\\\firebase-backend\\\\dataconnect\": could not find dataconnect.yaml in `f:\\z_apps\\products\\pruduct_under_work\\commerce-firebase\\firebase-backend\\dataconnect`\n"}}
[debug] [2025-07-21T18:05:25.620Z] E0721 21:05:25.620542   12676 load.go:23] Could not load config from "f:\\z_apps\\products\\pruduct_under_work\\commerce-firebase\\firebase-backend\\dataconnect": could not find dataconnect.yaml in `f:\z_apps\products\pruduct_under_work\commerce-firebase\firebase-backend\dataconnect`
 {"metadata":{"emulator":{"name":"dataconnect"},"message":"E0721 21:05:25.620542   12676 load.go:23] Could not load config from \"f:\\\\z_apps\\\\products\\\\pruduct_under_work\\\\commerce-firebase\\\\firebase-backend\\\\dataconnect\": could not find dataconnect.yaml in `f:\\z_apps\\products\\pruduct_under_work\\commerce-firebase\\firebase-backend\\dataconnect`\n"}}
[debug] [2025-07-21T18:05:35.620Z] E0721 21:05:35.620789   12676 load.go:23] Could not load config from "f:\\z_apps\\products\\pruduct_under_work\\commerce-firebase\\firebase-backend\\dataconnect": could not find dataconnect.yaml in `f:\z_apps\products\pruduct_under_work\commerce-firebase\firebase-backend\dataconnect`
 {"metadata":{"emulator":{"name":"dataconnect"},"message":"E0721 21:05:35.620789   12676 load.go:23] Could not load config from \"f:\\\\z_apps\\\\products\\\\pruduct_under_work\\\\commerce-firebase\\\\firebase-backend\\\\dataconnect\": could not find dataconnect.yaml in `f:\\z_apps\\products\\pruduct_under_work\\commerce-firebase\\firebase-backend\\dataconnect`\n"}}
[debug] [2025-07-21T18:05:45.620Z] E0721 21:05:45.620689   12676 load.go:23] Could not load config from "f:\\z_apps\\products\\pruduct_under_work\\commerce-firebase\\firebase-backend\\dataconnect": could not find dataconnect.yaml in `f:\z_apps\products\pruduct_under_work\commerce-firebase\firebase-backend\dataconnect`
 {"metadata":{"emulator":{"name":"dataconnect"},"message":"E0721 21:05:45.620689   12676 load.go:23] Could not load config from \"f:\\\\z_apps\\\\products\\\\pruduct_under_work\\\\commerce-firebase\\\\firebase-backend\\\\dataconnect\": could not find dataconnect.yaml in `f:\\z_apps\\products\\pruduct_under_work\\commerce-firebase\\firebase-backend\\dataconnect`\n"}}
[debug] [2025-07-21T18:05:55.621Z] E0721 21:05:55.620692   12676 load.go:23] Could not load config from "f:\\z_apps\\products\\pruduct_under_work\\commerce-firebase\\firebase-backend\\dataconnect": could not find dataconnect.yaml in `f:\z_apps\products\pruduct_under_work\commerce-firebase\firebase-backend\dataconnect`
E0721 21:05:55.621243   12676 watch.go:76] watchAllDir unable to walk dir `f:\z_apps\products\pruduct_under_work\commerce-firebase\firebase-backend\dataconnect`: on path "f:\\z_apps\\products\\pruduct_under_work\\commerce-firebase\\firebase-backend\\dataconnect" (DirEntry: <nil>): CreateFile f:\z_apps\products\pruduct_under_work\commerce-firebase\firebase-backend\dataconnect: The system cannot find the file specified.
 {"metadata":{"emulator":{"name":"dataconnect"},"message":"E0721 21:05:55.620692   12676 load.go:23] Could not load config from \"f:\\\\z_apps\\\\products\\\\pruduct_under_work\\\\commerce-firebase\\\\firebase-backend\\\\dataconnect\": could not find dataconnect.yaml in `f:\\z_apps\\products\\pruduct_under_work\\commerce-firebase\\firebase-backend\\dataconnect`\nE0721 21:05:55.621243   12676 watch.go:76] watchAllDir unable to walk dir `f:\\z_apps\\products\\pruduct_under_work\\commerce-firebase\\firebase-backend\\dataconnect`: on path \"f:\\\\z_apps\\\\products\\\\pruduct_under_work\\\\commerce-firebase\\\\firebase-backend\\\\dataconnect\" (DirEntry: <nil>): CreateFile f:\\z_apps\\products\\pruduct_under_work\\commerce-firebase\\firebase-backend\\dataconnect: The system cannot find the file specified.\n"}}
[debug] [2025-07-21T18:06:05.621Z] E0721 21:06:05.620791   12676 load.go:23] Could not load config from "f:\\z_apps\\products\\pruduct_under_work\\commerce-firebase\\firebase-backend\\dataconnect": could not find dataconnect.yaml in `f:\z_apps\products\pruduct_under_work\commerce-firebase\firebase-backend\dataconnect`
 {"metadata":{"emulator":{"name":"dataconnect"},"message":"E0721 21:06:05.620791   12676 load.go:23] Could not load config from \"f:\\\\z_apps\\\\products\\\\pruduct_under_work\\\\commerce-firebase\\\\firebase-backend\\\\dataconnect\": could not find dataconnect.yaml in `f:\\z_apps\\products\\pruduct_under_work\\commerce-firebase\\firebase-backend\\dataconnect`\n"}}
[debug] [2025-07-21T18:06:15.621Z] E0721 21:06:15.620603   12676 load.go:23] Could not load config from "f:\\z_apps\\products\\pruduct_under_work\\commerce-firebase\\firebase-backend\\dataconnect": could not find dataconnect.yaml in `f:\z_apps\products\pruduct_under_work\commerce-firebase\firebase-backend\dataconnect`
 {"metadata":{"emulator":{"name":"dataconnect"},"message":"E0721 21:06:15.620603   12676 load.go:23] Could not load config from \"f:\\\\z_apps\\\\products\\\\pruduct_under_work\\\\commerce-firebase\\\\firebase-backend\\\\dataconnect\": could not find dataconnect.yaml in `f:\\z_apps\\products\\pruduct_under_work\\commerce-firebase\\firebase-backend\\dataconnect`\n"}}
[debug] [2025-07-21T18:06:25.621Z] E0721 21:06:25.620253   12676 load.go:23] Could not load config from "f:\\z_apps\\products\\pruduct_under_work\\commerce-firebase\\firebase-backend\\dataconnect": could not find dataconnect.yaml in `f:\z_apps\products\pruduct_under_work\commerce-firebase\firebase-backend\dataconnect`
 {"metadata":{"emulator":{"name":"dataconnect"},"message":"E0721 21:06:25.620253   12676 load.go:23] Could not load config from \"f:\\\\z_apps\\\\products\\\\pruduct_under_work\\\\commerce-firebase\\\\firebase-backend\\\\dataconnect\": could not find dataconnect.yaml in `f:\\z_apps\\products\\pruduct_under_work\\commerce-firebase\\firebase-backend\\dataconnect`\n"}}
[debug] [2025-07-21T18:06:35.622Z] E0721 21:06:35.622078   12676 load.go:23] Could not load config from "f:\\z_apps\\products\\pruduct_under_work\\commerce-firebase\\firebase-backend\\dataconnect": could not find dataconnect.yaml in `f:\z_apps\products\pruduct_under_work\commerce-firebase\firebase-backend\dataconnect`
 {"metadata":{"emulator":{"name":"dataconnect"},"message":"E0721 21:06:35.622078   12676 load.go:23] Could not load config from \"f:\\\\z_apps\\\\products\\\\pruduct_under_work\\\\commerce-firebase\\\\firebase-backend\\\\dataconnect\": could not find dataconnect.yaml in `f:\\z_apps\\products\\pruduct_under_work\\commerce-firebase\\firebase-backend\\dataconnect`\n"}}
[debug] [2025-07-21T18:06:45.621Z] E0721 21:06:45.620877   12676 load.go:23] Could not load config from "f:\\z_apps\\products\\pruduct_under_work\\commerce-firebase\\firebase-backend\\dataconnect": could not find dataconnect.yaml in `f:\z_apps\products\pruduct_under_work\commerce-firebase\firebase-backend\dataconnect`
 {"metadata":{"emulator":{"name":"dataconnect"},"message":"E0721 21:06:45.620877   12676 load.go:23] Could not load config from \"f:\\\\z_apps\\\\products\\\\pruduct_under_work\\\\commerce-firebase\\\\firebase-backend\\\\dataconnect\": could not find dataconnect.yaml in `f:\\z_apps\\products\\pruduct_under_work\\commerce-firebase\\firebase-backend\\dataconnect`\n"}}
[debug] [2025-07-21T18:06:55.620Z] E0721 21:06:55.619855   12676 load.go:23] Could not load config from "f:\\z_apps\\products\\pruduct_under_work\\commerce-firebase\\firebase-backend\\dataconnect": could not find dataconnect.yaml in `f:\z_apps\products\pruduct_under_work\commerce-firebase\firebase-backend\dataconnect`
 {"metadata":{"emulator":{"name":"dataconnect"},"message":"E0721 21:06:55.619855   12676 load.go:23] Could not load config from \"f:\\\\z_apps\\\\products\\\\pruduct_under_work\\\\commerce-firebase\\\\firebase-backend\\\\dataconnect\": could not find dataconnect.yaml in `f:\\z_apps\\products\\pruduct_under_work\\commerce-firebase\\firebase-backend\\dataconnect`\n"}}
[debug] [2025-07-21T18:07:05.621Z] E0721 21:07:05.620506   12676 load.go:23] Could not load config from "f:\\z_apps\\products\\pruduct_under_work\\commerce-firebase\\firebase-backend\\dataconnect": could not find dataconnect.yaml in `f:\z_apps\products\pruduct_under_work\commerce-firebase\firebase-backend\dataconnect`
 {"metadata":{"emulator":{"name":"dataconnect"},"message":"E0721 21:07:05.620506   12676 load.go:23] Could not load config from \"f:\\\\z_apps\\\\products\\\\pruduct_under_work\\\\commerce-firebase\\\\firebase-backend\\\\dataconnect\": could not find dataconnect.yaml in `f:\\z_apps\\products\\pruduct_under_work\\commerce-firebase\\firebase-backend\\dataconnect`\n"}}
[debug] [2025-07-21T18:07:15.620Z] E0721 21:07:15.619977   12676 load.go:23] Could not load config from "f:\\z_apps\\products\\pruduct_under_work\\commerce-firebase\\firebase-backend\\dataconnect": could not find dataconnect.yaml in `f:\z_apps\products\pruduct_under_work\commerce-firebase\firebase-backend\dataconnect`
 {"metadata":{"emulator":{"name":"dataconnect"},"message":"E0721 21:07:15.619977   12676 load.go:23] Could not load config from \"f:\\\\z_apps\\\\products\\\\pruduct_under_work\\\\commerce-firebase\\\\firebase-backend\\\\dataconnect\": could not find dataconnect.yaml in `f:\\z_apps\\products\\pruduct_under_work\\commerce-firebase\\firebase-backend\\dataconnect`\n"}}
[debug] [2025-07-21T18:07:25.620Z] E0721 21:07:25.619934   12676 load.go:23] Could not load config from "f:\\z_apps\\products\\pruduct_under_work\\commerce-firebase\\firebase-backend\\dataconnect": could not find dataconnect.yaml in `f:\z_apps\products\pruduct_under_work\commerce-firebase\firebase-backend\dataconnect`
 {"metadata":{"emulator":{"name":"dataconnect"},"message":"E0721 21:07:25.619934   12676 load.go:23] Could not load config from \"f:\\\\z_apps\\\\products\\\\pruduct_under_work\\\\commerce-firebase\\\\firebase-backend\\\\dataconnect\": could not find dataconnect.yaml in `f:\\z_apps\\products\\pruduct_under_work\\commerce-firebase\\firebase-backend\\dataconnect`\n"}}
[debug] [2025-07-21T18:07:35.620Z] E0721 21:07:35.620248   12676 load.go:23] Could not load config from "f:\\z_apps\\products\\pruduct_under_work\\commerce-firebase\\firebase-backend\\dataconnect": could not find dataconnect.yaml in `f:\z_apps\products\pruduct_under_work\commerce-firebase\firebase-backend\dataconnect`
 {"metadata":{"emulator":{"name":"dataconnect"},"message":"E0721 21:07:35.620248   12676 load.go:23] Could not load config from \"f:\\\\z_apps\\\\products\\\\pruduct_under_work\\\\commerce-firebase\\\\firebase-backend\\\\dataconnect\": could not find dataconnect.yaml in `f:\\z_apps\\products\\pruduct_under_work\\commerce-firebase\\firebase-backend\\dataconnect`\n"}}
[debug] [2025-07-21T18:07:45.621Z] E0721 21:07:45.620321   12676 load.go:23] Could not load config from "f:\\z_apps\\products\\pruduct_under_work\\commerce-firebase\\firebase-backend\\dataconnect": could not find dataconnect.yaml in `f:\z_apps\products\pruduct_under_work\commerce-firebase\firebase-backend\dataconnect`
 {"metadata":{"emulator":{"name":"dataconnect"},"message":"E0721 21:07:45.620321   12676 load.go:23] Could not load config from \"f:\\\\z_apps\\\\products\\\\pruduct_under_work\\\\commerce-firebase\\\\firebase-backend\\\\dataconnect\": could not find dataconnect.yaml in `f:\\z_apps\\products\\pruduct_under_work\\commerce-firebase\\firebase-backend\\dataconnect`\n"}}
[debug] [2025-07-21T18:07:55.620Z] E0721 21:07:55.619901   12676 load.go:23] Could not load config from "f:\\z_apps\\products\\pruduct_under_work\\commerce-firebase\\firebase-backend\\dataconnect": could not find dataconnect.yaml in `f:\z_apps\products\pruduct_under_work\commerce-firebase\firebase-backend\dataconnect`
E0721 21:07:55.619901   12676 watch.go:76] watchAllDir unable to walk dir `f:\z_apps\products\pruduct_under_work\commerce-firebase\firebase-backend\dataconnect`: on path "f:\\z_apps\\products\\pruduct_under_work\\commerce-firebase\\firebase-backend\\dataconnect" (DirEntry: <nil>): CreateFile f:\z_apps\products\pruduct_under_work\commerce-firebase\firebase-backend\dataconnect: The system cannot find the file specified.
 {"metadata":{"emulator":{"name":"dataconnect"},"message":"E0721 21:07:55.619901   12676 load.go:23] Could not load config from \"f:\\\\z_apps\\\\products\\\\pruduct_under_work\\\\commerce-firebase\\\\firebase-backend\\\\dataconnect\": could not find dataconnect.yaml in `f:\\z_apps\\products\\pruduct_under_work\\commerce-firebase\\firebase-backend\\dataconnect`\nE0721 21:07:55.619901   12676 watch.go:76] watchAllDir unable to walk dir `f:\\z_apps\\products\\pruduct_under_work\\commerce-firebase\\firebase-backend\\dataconnect`: on path \"f:\\\\z_apps\\\\products\\\\pruduct_under_work\\\\commerce-firebase\\\\firebase-backend\\\\dataconnect\" (DirEntry: <nil>): CreateFile f:\\z_apps\\products\\pruduct_under_work\\commerce-firebase\\firebase-backend\\dataconnect: The system cannot find the file specified.\n"}}
[debug] [2025-07-21T18:08:05.622Z] E0721 21:08:05.621260   12676 load.go:23] Could not load config from "f:\\z_apps\\products\\pruduct_under_work\\commerce-firebase\\firebase-backend\\dataconnect": could not find dataconnect.yaml in `f:\z_apps\products\pruduct_under_work\commerce-firebase\firebase-backend\dataconnect`
 {"metadata":{"emulator":{"name":"dataconnect"},"message":"E0721 21:08:05.621260   12676 load.go:23] Could not load config from \"f:\\\\z_apps\\\\products\\\\pruduct_under_work\\\\commerce-firebase\\\\firebase-backend\\\\dataconnect\": could not find dataconnect.yaml in `f:\\z_apps\\products\\pruduct_under_work\\commerce-firebase\\firebase-backend\\dataconnect`\n"}}
[info] [Firebase Plugin] Stopping Data Connect toolkit
[warn] !  Data Connect Emulator has exited upon receiving signal: SIGKILL 
[debug] [2025-07-21T18:35:09.495Z] [Firebase Plugin] Activating Firebase extension.
[debug] [2025-07-21T18:35:17.581Z] [Firebase Plugin] requireAuthWrapper
[debug] [2025-07-21T18:35:17.598Z] > command requires scopes: ["email","openid","https://www.googleapis.com/auth/cloudplatformprojects.readonly","https://www.googleapis.com/auth/firebase","https://www.googleapis.com/auth/cloud-platform"]
[debug] [2025-07-21T18:35:17.599Z] > authorizing via signed-in user (zeftawyapps@gmail.com)
[debug] [2025-07-21T18:35:17.605Z] Checked if tokens are valid: true, expires at: 1753124536094
[debug] [2025-07-21T18:35:17.605Z] Checked if tokens are valid: true, expires at: 1753124536094
[debug] [2025-07-21T18:35:17.606Z] [Firebase Plugin] User found:  zeftawyapps@gmail.com
[info] [Firebase Plugin] (Core:Project) New user detected, fetching projects
[debug] [2025-07-21T18:35:17.609Z] Checked if tokens are valid: true, expires at: 1753124536094
[debug] [2025-07-21T18:35:17.612Z] >>> [apiv2][query] GET https://firebase.googleapis.com/v1beta1/projects pageSize=1000
[debug] [2025-07-21T18:35:17.630Z] [Firebase Plugin] VSCode notification server listening on port 40001
[debug] [2025-07-21T18:35:20.570Z] Object "" in "firebase.json" has unknown property: {"additionalProperty":"pubsub"}
[info] [Firebase Plugin] Starting Data Connect toolkit (version 2.10.0) on port 50001
[debug] [2025-07-21T18:35:20.721Z] 'fdc build' failed with error: Unable to build your Data Connect schema and connectors (exit code 1): E0721 21:35:20.712860      32 cmd.go:43] Error loading data connect config: could not find dataconnect.yaml in `f:\z_apps\tools\flutters\shipping-firebase\firebase-backend\dataconnect`
 {"metadata":{"emulator":{"name":"dataconnect"},"message":"'fdc build' failed with error: Unable to build your Data Connect schema and connectors (exit code 1): E0721 21:35:20.712860      32 cmd.go:43] Error loading data connect config: could not find dataconnect.yaml in `f:\\z_apps\\tools\\flutters\\shipping-firebase\\firebase-backend\\dataconnect`\n"}}
[debug] [2025-07-21T18:35:20.722Z] Ignoring unsupported arg: auto_download {"metadata":{"emulator":{"name":"dataconnect"},"message":"Ignoring unsupported arg: auto_download"}}
[debug] [2025-07-21T18:35:20.722Z] Ignoring unsupported arg: port {"metadata":{"emulator":{"name":"dataconnect"},"message":"Ignoring unsupported arg: port"}}
[debug] [2025-07-21T18:35:20.723Z] Starting Data Connect Emulator with command {"binary":"C:\\Users\\HP\\.cache\\firebase\\emulators\\dataconnect-emulator-2.10.0.exe","args":["--logtostderr","-v=2","dev","--listen=localhost:50001","--config_dir=f:\\z_apps\\tools\\flutters\\shipping-firebase\\firebase-backend\\dataconnect","--enable_output_schema_extensions=true","--enable_output_generated_sdk=true"],"optionalArgs":["listen","config_dir","enable_output_schema_extensions","enable_output_generated_sdk"],"joinArgs":true,"shell":false,"port":9399} {"metadata":{"emulator":{"name":"dataconnect"},"message":"Starting Data Connect Emulator with command {\"binary\":\"C:\\\\Users\\\\HP\\\\.cache\\\\firebase\\\\emulators\\\\dataconnect-emulator-2.10.0.exe\",\"args\":[\"--logtostderr\",\"-v=2\",\"dev\",\"--listen=localhost:50001\",\"--config_dir=f:\\\\z_apps\\\\tools\\\\flutters\\\\shipping-firebase\\\\firebase-backend\\\\dataconnect\",\"--enable_output_schema_extensions=true\",\"--enable_output_generated_sdk=true\"],\"optionalArgs\":[\"listen\",\"config_dir\",\"enable_output_schema_extensions\",\"enable_output_generated_sdk\"],\"joinArgs\":true,\"shell\":false,\"port\":9399}"}}
[info] i  dataconnect: Data Connect Emulator logging to dataconnect-debug.log {"metadata":{"emulator":{"name":"dataconnect"},"message":"Data Connect Emulator logging to \u001b[1mdataconnect-debug.log\u001b[22m"}}
[debug] [2025-07-21T18:35:20.820Z] E0721 21:35:20.775089    1624 load.go:23] Could not load config from "f:\\z_apps\\tools\\flutters\\shipping-firebase\\firebase-backend\\dataconnect": could not find dataconnect.yaml in `f:\z_apps\tools\flutters\shipping-firebase\firebase-backend\dataconnect`
E0721 21:35:20.777244    1624 watch.go:76] watchAllDir unable to walk dir `f:\z_apps\tools\flutters\shipping-firebase\firebase-backend\dataconnect`: on path "f:\\z_apps\\tools\\flutters\\shipping-firebase\\firebase-backend\\dataconnect" (DirEntry: <nil>): CreateFile f:\z_apps\tools\flutters\shipping-firebase\firebase-backend\dataconnect: The system cannot find the file specified.
I0721 21:35:20.807232    1624 dev.go:95] Listening on address (HTTP + gRPC): 127.0.0.1:50001
 {"metadata":{"emulator":{"name":"dataconnect"},"message":"E0721 21:35:20.775089    1624 load.go:23] Could not load config from \"f:\\\\z_apps\\\\tools\\\\flutters\\\\shipping-firebase\\\\firebase-backend\\\\dataconnect\": could not find dataconnect.yaml in `f:\\z_apps\\tools\\flutters\\shipping-firebase\\firebase-backend\\dataconnect`\nE0721 21:35:20.777244    1624 watch.go:76] watchAllDir unable to walk dir `f:\\z_apps\\tools\\flutters\\shipping-firebase\\firebase-backend\\dataconnect`: on path \"f:\\\\z_apps\\\\tools\\\\flutters\\\\shipping-firebase\\\\firebase-backend\\\\dataconnect\" (DirEntry: <nil>): CreateFile f:\\z_apps\\tools\\flutters\\shipping-firebase\\firebase-backend\\dataconnect: The system cannot find the file specified.\nI0721 21:35:20.807232    1624 dev.go:95] Listening on address (HTTP + gRPC): 127.0.0.1:50001\n"}}
[debug] [2025-07-21T18:35:20.923Z] <<< [apiv2][status] GET https://firebase.googleapis.com/v1beta1/projects 200
[debug] [2025-07-21T18:35:20.924Z] <<< [apiv2][body] GET https://firebase.googleapis.com/v1beta1/projects [omitted]
[error] [Firebase Plugin] error:  {}
[debug] [2025-07-21T18:35:30.778Z] E0721 21:35:30.778353    1624 load.go:23] Could not load config from "f:\\z_apps\\tools\\flutters\\shipping-firebase\\firebase-backend\\dataconnect": could not find dataconnect.yaml in `f:\z_apps\tools\flutters\shipping-firebase\firebase-backend\dataconnect`
 {"metadata":{"emulator":{"name":"dataconnect"},"message":"E0721 21:35:30.778353    1624 load.go:23] Could not load config from \"f:\\\\z_apps\\\\tools\\\\flutters\\\\shipping-firebase\\\\firebase-backend\\\\dataconnect\": could not find dataconnect.yaml in `f:\\z_apps\\tools\\flutters\\shipping-firebase\\firebase-backend\\dataconnect`\n"}}
[debug] [2025-07-21T18:35:40.778Z] E0721 21:35:40.777892    1624 load.go:23] Could not load config from "f:\\z_apps\\tools\\flutters\\shipping-firebase\\firebase-backend\\dataconnect": could not find dataconnect.yaml in `f:\z_apps\tools\flutters\shipping-firebase\firebase-backend\dataconnect`
 {"metadata":{"emulator":{"name":"dataconnect"},"message":"E0721 21:35:40.777892    1624 load.go:23] Could not load config from \"f:\\\\z_apps\\\\tools\\\\flutters\\\\shipping-firebase\\\\firebase-backend\\\\dataconnect\": could not find dataconnect.yaml in `f:\\z_apps\\tools\\flutters\\shipping-firebase\\firebase-backend\\dataconnect`\n"}}
[debug] [2025-07-21T18:35:50.777Z] E0721 21:35:50.777578    1624 load.go:23] Could not load config from "f:\\z_apps\\tools\\flutters\\shipping-firebase\\firebase-backend\\dataconnect": could not find dataconnect.yaml in `f:\z_apps\tools\flutters\shipping-firebase\firebase-backend\dataconnect`
 {"metadata":{"emulator":{"name":"dataconnect"},"message":"E0721 21:35:50.777578    1624 load.go:23] Could not load config from \"f:\\\\z_apps\\\\tools\\\\flutters\\\\shipping-firebase\\\\firebase-backend\\\\dataconnect\": could not find dataconnect.yaml in `f:\\z_apps\\tools\\flutters\\shipping-firebase\\firebase-backend\\dataconnect`\n"}}
[debug] [2025-07-21T18:36:03.826Z] E0721 21:36:00.778925    1624 load.go:23] Could not load config from "f:\\z_apps\\tools\\flutters\\shipping-firebase\\firebase-backend\\dataconnect": could not find dataconnect.yaml in `f:\z_apps\tools\flutters\shipping-firebase\firebase-backend\dataconnect`
 {"metadata":{"emulator":{"name":"dataconnect"},"message":"E0721 21:36:00.778925    1624 load.go:23] Could not load config from \"f:\\\\z_apps\\\\tools\\\\flutters\\\\shipping-firebase\\\\firebase-backend\\\\dataconnect\": could not find dataconnect.yaml in `f:\\z_apps\\tools\\flutters\\shipping-firebase\\firebase-backend\\dataconnect`\n"}}
[debug] [2025-07-21T18:36:10.778Z] E0721 21:36:10.778449    1624 load.go:23] Could not load config from "f:\\z_apps\\tools\\flutters\\shipping-firebase\\firebase-backend\\dataconnect": could not find dataconnect.yaml in `f:\z_apps\tools\flutters\shipping-firebase\firebase-backend\dataconnect`
 {"metadata":{"emulator":{"name":"dataconnect"},"message":"E0721 21:36:10.778449    1624 load.go:23] Could not load config from \"f:\\\\z_apps\\\\tools\\\\flutters\\\\shipping-firebase\\\\firebase-backend\\\\dataconnect\": could not find dataconnect.yaml in `f:\\z_apps\\tools\\flutters\\shipping-firebase\\firebase-backend\\dataconnect`\n"}}
[debug] [2025-07-21T18:36:20.778Z] E0721 21:36:20.778437    1624 load.go:23] Could not load config from "f:\\z_apps\\tools\\flutters\\shipping-firebase\\firebase-backend\\dataconnect": could not find dataconnect.yaml in `f:\z_apps\tools\flutters\shipping-firebase\firebase-backend\dataconnect`
 {"metadata":{"emulator":{"name":"dataconnect"},"message":"E0721 21:36:20.778437    1624 load.go:23] Could not load config from \"f:\\\\z_apps\\\\tools\\\\flutters\\\\shipping-firebase\\\\firebase-backend\\\\dataconnect\": could not find dataconnect.yaml in `f:\\z_apps\\tools\\flutters\\shipping-firebase\\firebase-backend\\dataconnect`\n"}}
[debug] [2025-07-21T18:36:30.778Z] E0721 21:36:30.778907    1624 load.go:23] Could not load config from "f:\\z_apps\\tools\\flutters\\shipping-firebase\\firebase-backend\\dataconnect": could not find dataconnect.yaml in `f:\z_apps\tools\flutters\shipping-firebase\firebase-backend\dataconnect`
 {"metadata":{"emulator":{"name":"dataconnect"},"message":"E0721 21:36:30.778907    1624 load.go:23] Could not load config from \"f:\\\\z_apps\\\\tools\\\\flutters\\\\shipping-firebase\\\\firebase-backend\\\\dataconnect\": could not find dataconnect.yaml in `f:\\z_apps\\tools\\flutters\\shipping-firebase\\firebase-backend\\dataconnect`\n"}}
[debug] [2025-07-21T18:36:40.777Z] E0721 21:36:40.778045    1624 load.go:23] Could not load config from "f:\\z_apps\\tools\\flutters\\shipping-firebase\\firebase-backend\\dataconnect": could not find dataconnect.yaml in `f:\z_apps\tools\flutters\shipping-firebase\firebase-backend\dataconnect`
 {"metadata":{"emulator":{"name":"dataconnect"},"message":"E0721 21:36:40.778045    1624 load.go:23] Could not load config from \"f:\\\\z_apps\\\\tools\\\\flutters\\\\shipping-firebase\\\\firebase-backend\\\\dataconnect\": could not find dataconnect.yaml in `f:\\z_apps\\tools\\flutters\\shipping-firebase\\firebase-backend\\dataconnect`\n"}}
[debug] [2025-07-21T18:36:50.778Z] E0721 21:36:50.779145    1624 load.go:23] Could not load config from "f:\\z_apps\\tools\\flutters\\shipping-firebase\\firebase-backend\\dataconnect": could not find dataconnect.yaml in `f:\z_apps\tools\flutters\shipping-firebase\firebase-backend\dataconnect`
 {"metadata":{"emulator":{"name":"dataconnect"},"message":"E0721 21:36:50.779145    1624 load.go:23] Could not load config from \"f:\\\\z_apps\\\\tools\\\\flutters\\\\shipping-firebase\\\\firebase-backend\\\\dataconnect\": could not find dataconnect.yaml in `f:\\z_apps\\tools\\flutters\\shipping-firebase\\firebase-backend\\dataconnect`\n"}}
[debug] [2025-07-21T18:37:00.778Z] E0721 21:37:00.777742    1624 load.go:23] Could not load config from "f:\\z_apps\\tools\\flutters\\shipping-firebase\\firebase-backend\\dataconnect": could not find dataconnect.yaml in `f:\z_apps\tools\flutters\shipping-firebase\firebase-backend\dataconnect`
 {"metadata":{"emulator":{"name":"dataconnect"},"message":"E0721 21:37:00.777742    1624 load.go:23] Could not load config from \"f:\\\\z_apps\\\\tools\\\\flutters\\\\shipping-firebase\\\\firebase-backend\\\\dataconnect\": could not find dataconnect.yaml in `f:\\z_apps\\tools\\flutters\\shipping-firebase\\firebase-backend\\dataconnect`\n"}}
[debug] [2025-07-21T18:37:10.778Z] E0721 21:37:10.777606    1624 load.go:23] Could not load config from "f:\\z_apps\\tools\\flutters\\shipping-firebase\\firebase-backend\\dataconnect": could not find dataconnect.yaml in `f:\z_apps\tools\flutters\shipping-firebase\firebase-backend\dataconnect`
 {"metadata":{"emulator":{"name":"dataconnect"},"message":"E0721 21:37:10.777606    1624 load.go:23] Could not load config from \"f:\\\\z_apps\\\\tools\\\\flutters\\\\shipping-firebase\\\\firebase-backend\\\\dataconnect\": could not find dataconnect.yaml in `f:\\z_apps\\tools\\flutters\\shipping-firebase\\firebase-backend\\dataconnect`\n"}}
[debug] [2025-07-21T18:37:20.778Z] E0721 21:37:20.778342    1624 load.go:23] Could not load config from "f:\\z_apps\\tools\\flutters\\shipping-firebase\\firebase-backend\\dataconnect": could not find dataconnect.yaml in `f:\z_apps\tools\flutters\shipping-firebase\firebase-backend\dataconnect`
E0721 21:37:20.778462    1624 watch.go:76] watchAllDir unable to walk dir `f:\z_apps\tools\flutters\shipping-firebase\firebase-backend\dataconnect`: on path "f:\\z_apps\\tools\\flutters\\shipping-firebase\\firebase-backend\\dataconnect" (DirEntry: <nil>): CreateFile f:\z_apps\tools\flutters\shipping-firebase\firebase-backend\dataconnect: The system cannot find the file specified.
 {"metadata":{"emulator":{"name":"dataconnect"},"message":"E0721 21:37:20.778342    1624 load.go:23] Could not load config from \"f:\\\\z_apps\\\\tools\\\\flutters\\\\shipping-firebase\\\\firebase-backend\\\\dataconnect\": could not find dataconnect.yaml in `f:\\z_apps\\tools\\flutters\\shipping-firebase\\firebase-backend\\dataconnect`\nE0721 21:37:20.778462    1624 watch.go:76] watchAllDir unable to walk dir `f:\\z_apps\\tools\\flutters\\shipping-firebase\\firebase-backend\\dataconnect`: on path \"f:\\\\z_apps\\\\tools\\\\flutters\\\\shipping-firebase\\\\firebase-backend\\\\dataconnect\" (DirEntry: <nil>): CreateFile f:\\z_apps\\tools\\flutters\\shipping-firebase\\firebase-backend\\dataconnect: The system cannot find the file specified.\n"}}
[debug] [2025-07-21T18:37:30.778Z] E0721 21:37:30.778853    1624 load.go:23] Could not load config from "f:\\z_apps\\tools\\flutters\\shipping-firebase\\firebase-backend\\dataconnect": could not find dataconnect.yaml in `f:\z_apps\tools\flutters\shipping-firebase\firebase-backend\dataconnect`
 {"metadata":{"emulator":{"name":"dataconnect"},"message":"E0721 21:37:30.778853    1624 load.go:23] Could not load config from \"f:\\\\z_apps\\\\tools\\\\flutters\\\\shipping-firebase\\\\firebase-backend\\\\dataconnect\": could not find dataconnect.yaml in `f:\\z_apps\\tools\\flutters\\shipping-firebase\\firebase-backend\\dataconnect`\n"}}
[debug] [2025-07-21T18:37:40.778Z] E0721 21:37:40.777487    1624 load.go:23] Could not load config from "f:\\z_apps\\tools\\flutters\\shipping-firebase\\firebase-backend\\dataconnect": could not find dataconnect.yaml in `f:\z_apps\tools\flutters\shipping-firebase\firebase-backend\dataconnect`
 {"metadata":{"emulator":{"name":"dataconnect"},"message":"E0721 21:37:40.777487    1624 load.go:23] Could not load config from \"f:\\\\z_apps\\\\tools\\\\flutters\\\\shipping-firebase\\\\firebase-backend\\\\dataconnect\": could not find dataconnect.yaml in `f:\\z_apps\\tools\\flutters\\shipping-firebase\\firebase-backend\\dataconnect`\n"}}
[debug] [2025-07-21T18:37:50.778Z] E0721 21:37:50.778411    1624 load.go:23] Could not load config from "f:\\z_apps\\tools\\flutters\\shipping-firebase\\firebase-backend\\dataconnect": could not find dataconnect.yaml in `f:\z_apps\tools\flutters\shipping-firebase\firebase-backend\dataconnect`
 {"metadata":{"emulator":{"name":"dataconnect"},"message":"E0721 21:37:50.778411    1624 load.go:23] Could not load config from \"f:\\\\z_apps\\\\tools\\\\flutters\\\\shipping-firebase\\\\firebase-backend\\\\dataconnect\": could not find dataconnect.yaml in `f:\\z_apps\\tools\\flutters\\shipping-firebase\\firebase-backend\\dataconnect`\n"}}
[debug] [2025-07-21T18:38:00.778Z] E0721 21:38:00.777702    1624 load.go:23] Could not load config from "f:\\z_apps\\tools\\flutters\\shipping-firebase\\firebase-backend\\dataconnect": could not find dataconnect.yaml in `f:\z_apps\tools\flutters\shipping-firebase\firebase-backend\dataconnect`
 {"metadata":{"emulator":{"name":"dataconnect"},"message":"E0721 21:38:00.777702    1624 load.go:23] Could not load config from \"f:\\\\z_apps\\\\tools\\\\flutters\\\\shipping-firebase\\\\firebase-backend\\\\dataconnect\": could not find dataconnect.yaml in `f:\\z_apps\\tools\\flutters\\shipping-firebase\\firebase-backend\\dataconnect`\n"}}
[debug] [2025-07-21T18:38:10.778Z] E0721 21:38:10.777919    1624 load.go:23] Could not load config from "f:\\z_apps\\tools\\flutters\\shipping-firebase\\firebase-backend\\dataconnect": could not find dataconnect.yaml in `f:\z_apps\tools\flutters\shipping-firebase\firebase-backend\dataconnect`
 {"metadata":{"emulator":{"name":"dataconnect"},"message":"E0721 21:38:10.777919    1624 load.go:23] Could not load config from \"f:\\\\z_apps\\\\tools\\\\flutters\\\\shipping-firebase\\\\firebase-backend\\\\dataconnect\": could not find dataconnect.yaml in `f:\\z_apps\\tools\\flutters\\shipping-firebase\\firebase-backend\\dataconnect`\n"}}
[debug] [2025-07-21T18:38:20.778Z] E0721 21:38:20.778030    1624 load.go:23] Could not load config from "f:\\z_apps\\tools\\flutters\\shipping-firebase\\firebase-backend\\dataconnect": could not find dataconnect.yaml in `f:\z_apps\tools\flutters\shipping-firebase\firebase-backend\dataconnect`
 {"metadata":{"emulator":{"name":"dataconnect"},"message":"E0721 21:38:20.778030    1624 load.go:23] Could not load config from \"f:\\\\z_apps\\\\tools\\\\flutters\\\\shipping-firebase\\\\firebase-backend\\\\dataconnect\": could not find dataconnect.yaml in `f:\\z_apps\\tools\\flutters\\shipping-firebase\\firebase-backend\\dataconnect`\n"}}
[debug] [2025-07-21T18:38:30.778Z] E0721 21:38:30.778565    1624 load.go:23] Could not load config from "f:\\z_apps\\tools\\flutters\\shipping-firebase\\firebase-backend\\dataconnect": could not find dataconnect.yaml in `f:\z_apps\tools\flutters\shipping-firebase\firebase-backend\dataconnect`
 {"metadata":{"emulator":{"name":"dataconnect"},"message":"E0721 21:38:30.778565    1624 load.go:23] Could not load config from \"f:\\\\z_apps\\\\tools\\\\flutters\\\\shipping-firebase\\\\firebase-backend\\\\dataconnect\": could not find dataconnect.yaml in `f:\\z_apps\\tools\\flutters\\shipping-firebase\\firebase-backend\\dataconnect`\n"}}
[debug] [2025-07-21T18:38:40.778Z] E0721 21:38:40.778277    1624 load.go:23] Could not load config from "f:\\z_apps\\tools\\flutters\\shipping-firebase\\firebase-backend\\dataconnect": could not find dataconnect.yaml in `f:\z_apps\tools\flutters\shipping-firebase\firebase-backend\dataconnect`
 {"metadata":{"emulator":{"name":"dataconnect"},"message":"E0721 21:38:40.778277    1624 load.go:23] Could not load config from \"f:\\\\z_apps\\\\tools\\\\flutters\\\\shipping-firebase\\\\firebase-backend\\\\dataconnect\": could not find dataconnect.yaml in `f:\\z_apps\\tools\\flutters\\shipping-firebase\\firebase-backend\\dataconnect`\n"}}
[debug] [2025-07-21T18:38:50.778Z] E0721 21:38:50.777855    1624 load.go:23] Could not load config from "f:\\z_apps\\tools\\flutters\\shipping-firebase\\firebase-backend\\dataconnect": could not find dataconnect.yaml in `f:\z_apps\tools\flutters\shipping-firebase\firebase-backend\dataconnect`
 {"metadata":{"emulator":{"name":"dataconnect"},"message":"E0721 21:38:50.777855    1624 load.go:23] Could not load config from \"f:\\\\z_apps\\\\tools\\\\flutters\\\\shipping-firebase\\\\firebase-backend\\\\dataconnect\": could not find dataconnect.yaml in `f:\\z_apps\\tools\\flutters\\shipping-firebase\\firebase-backend\\dataconnect`\n"}}
[debug] [2025-07-21T18:39:00.778Z] E0721 21:39:00.778154    1624 load.go:23] Could not load config from "f:\\z_apps\\tools\\flutters\\shipping-firebase\\firebase-backend\\dataconnect": could not find dataconnect.yaml in `f:\z_apps\tools\flutters\shipping-firebase\firebase-backend\dataconnect`
 {"metadata":{"emulator":{"name":"dataconnect"},"message":"E0721 21:39:00.778154    1624 load.go:23] Could not load config from \"f:\\\\z_apps\\\\tools\\\\flutters\\\\shipping-firebase\\\\firebase-backend\\\\dataconnect\": could not find dataconnect.yaml in `f:\\z_apps\\tools\\flutters\\shipping-firebase\\firebase-backend\\dataconnect`\n"}}
[debug] [2025-07-21T18:39:10.778Z] E0721 21:39:10.778113    1624 load.go:23] Could not load config from "f:\\z_apps\\tools\\flutters\\shipping-firebase\\firebase-backend\\dataconnect": could not find dataconnect.yaml in `f:\z_apps\tools\flutters\shipping-firebase\firebase-backend\dataconnect`
 {"metadata":{"emulator":{"name":"dataconnect"},"message":"E0721 21:39:10.778113    1624 load.go:23] Could not load config from \"f:\\\\z_apps\\\\tools\\\\flutters\\\\shipping-firebase\\\\firebase-backend\\\\dataconnect\": could not find dataconnect.yaml in `f:\\z_apps\\tools\\flutters\\shipping-firebase\\firebase-backend\\dataconnect`\n"}}
[debug] [2025-07-21T18:39:20.778Z] E0721 21:39:20.778085    1624 load.go:23] Could not load config from "f:\\z_apps\\tools\\flutters\\shipping-firebase\\firebase-backend\\dataconnect": could not find dataconnect.yaml in `f:\z_apps\tools\flutters\shipping-firebase\firebase-backend\dataconnect`
E0721 21:39:20.778085    1624 watch.go:76] watchAllDir unable to walk dir `f:\z_apps\tools\flutters\shipping-firebase\firebase-backend\dataconnect`: on path "f:\\z_apps\\tools\\flutters\\shipping-firebase\\firebase-backend\\dataconnect" (DirEntry: <nil>): CreateFile f:\z_apps\tools\flutters\shipping-firebase\firebase-backend\dataconnect: The system cannot find the file specified.
 {"metadata":{"emulator":{"name":"dataconnect"},"message":"E0721 21:39:20.778085    1624 load.go:23] Could not load config from \"f:\\\\z_apps\\\\tools\\\\flutters\\\\shipping-firebase\\\\firebase-backend\\\\dataconnect\": could not find dataconnect.yaml in `f:\\z_apps\\tools\\flutters\\shipping-firebase\\firebase-backend\\dataconnect`\nE0721 21:39:20.778085    1624 watch.go:76] watchAllDir unable to walk dir `f:\\z_apps\\tools\\flutters\\shipping-firebase\\firebase-backend\\dataconnect`: on path \"f:\\\\z_apps\\\\tools\\\\flutters\\\\shipping-firebase\\\\firebase-backend\\\\dataconnect\" (DirEntry: <nil>): CreateFile f:\\z_apps\\tools\\flutters\\shipping-firebase\\firebase-backend\\dataconnect: The system cannot find the file specified.\n"}}
[debug] [2025-07-21T18:39:30.778Z] E0721 21:39:30.778323    1624 load.go:23] Could not load config from "f:\\z_apps\\tools\\flutters\\shipping-firebase\\firebase-backend\\dataconnect": could not find dataconnect.yaml in `f:\z_apps\tools\flutters\shipping-firebase\firebase-backend\dataconnect`
 {"metadata":{"emulator":{"name":"dataconnect"},"message":"E0721 21:39:30.778323    1624 load.go:23] Could not load config from \"f:\\\\z_apps\\\\tools\\\\flutters\\\\shipping-firebase\\\\firebase-backend\\\\dataconnect\": could not find dataconnect.yaml in `f:\\z_apps\\tools\\flutters\\shipping-firebase\\firebase-backend\\dataconnect`\n"}}
[debug] [2025-07-21T18:39:40.778Z] E0721 21:39:40.778326    1624 load.go:23] Could not load config from "f:\\z_apps\\tools\\flutters\\shipping-firebase\\firebase-backend\\dataconnect": could not find dataconnect.yaml in `f:\z_apps\tools\flutters\shipping-firebase\firebase-backend\dataconnect`
 {"metadata":{"emulator":{"name":"dataconnect"},"message":"E0721 21:39:40.778326    1624 load.go:23] Could not load config from \"f:\\\\z_apps\\\\tools\\\\flutters\\\\shipping-firebase\\\\firebase-backend\\\\dataconnect\": could not find dataconnect.yaml in `f:\\z_apps\\tools\\flutters\\shipping-firebase\\firebase-backend\\dataconnect`\n"}}
[debug] [2025-07-21T18:39:50.778Z] E0721 21:39:50.777523    1624 load.go:23] Could not load config from "f:\\z_apps\\tools\\flutters\\shipping-firebase\\firebase-backend\\dataconnect": could not find dataconnect.yaml in `f:\z_apps\tools\flutters\shipping-firebase\firebase-backend\dataconnect`
 {"metadata":{"emulator":{"name":"dataconnect"},"message":"E0721 21:39:50.777523    1624 load.go:23] Could not load config from \"f:\\\\z_apps\\\\tools\\\\flutters\\\\shipping-firebase\\\\firebase-backend\\\\dataconnect\": could not find dataconnect.yaml in `f:\\z_apps\\tools\\flutters\\shipping-firebase\\firebase-backend\\dataconnect`\n"}}
[debug] [2025-07-21T18:40:00.885Z] E0721 21:40:00.777518    1624 load.go:23] Could not load config from "f:\\z_apps\\tools\\flutters\\shipping-firebase\\firebase-backend\\dataconnect": could not find dataconnect.yaml in `f:\z_apps\tools\flutters\shipping-firebase\firebase-backend\dataconnect`
 {"metadata":{"emulator":{"name":"dataconnect"},"message":"E0721 21:40:00.777518    1624 load.go:23] Could not load config from \"f:\\\\z_apps\\\\tools\\\\flutters\\\\shipping-firebase\\\\firebase-backend\\\\dataconnect\": could not find dataconnect.yaml in `f:\\z_apps\\tools\\flutters\\shipping-firebase\\firebase-backend\\dataconnect`\n"}}
[debug] [2025-07-21T18:40:10.778Z] E0721 21:40:10.777872    1624 load.go:23] Could not load config from "f:\\z_apps\\tools\\flutters\\shipping-firebase\\firebase-backend\\dataconnect": could not find dataconnect.yaml in `f:\z_apps\tools\flutters\shipping-firebase\firebase-backend\dataconnect`
 {"metadata":{"emulator":{"name":"dataconnect"},"message":"E0721 21:40:10.777872    1624 load.go:23] Could not load config from \"f:\\\\z_apps\\\\tools\\\\flutters\\\\shipping-firebase\\\\firebase-backend\\\\dataconnect\": could not find dataconnect.yaml in `f:\\z_apps\\tools\\flutters\\shipping-firebase\\firebase-backend\\dataconnect`\n"}}
[debug] [2025-07-21T18:40:20.780Z] E0721 21:40:20.779379    1624 load.go:23] Could not load config from "f:\\z_apps\\tools\\flutters\\shipping-firebase\\firebase-backend\\dataconnect": could not find dataconnect.yaml in `f:\z_apps\tools\flutters\shipping-firebase\firebase-backend\dataconnect`
 {"metadata":{"emulator":{"name":"dataconnect"},"message":"E0721 21:40:20.779379    1624 load.go:23] Could not load config from \"f:\\\\z_apps\\\\tools\\\\flutters\\\\shipping-firebase\\\\firebase-backend\\\\dataconnect\": could not find dataconnect.yaml in `f:\\z_apps\\tools\\flutters\\shipping-firebase\\firebase-backend\\dataconnect`\n"}}
[debug] [2025-07-21T18:40:30.778Z] E0721 21:40:30.778382    1624 load.go:23] Could not load config from "f:\\z_apps\\tools\\flutters\\shipping-firebase\\firebase-backend\\dataconnect": could not find dataconnect.yaml in `f:\z_apps\tools\flutters\shipping-firebase\firebase-backend\dataconnect`
 {"metadata":{"emulator":{"name":"dataconnect"},"message":"E0721 21:40:30.778382    1624 load.go:23] Could not load config from \"f:\\\\z_apps\\\\tools\\\\flutters\\\\shipping-firebase\\\\firebase-backend\\\\dataconnect\": could not find dataconnect.yaml in `f:\\z_apps\\tools\\flutters\\shipping-firebase\\firebase-backend\\dataconnect`\n"}}
[debug] [2025-07-21T18:40:40.778Z] E0721 21:40:40.777693    1624 load.go:23] Could not load config from "f:\\z_apps\\tools\\flutters\\shipping-firebase\\firebase-backend\\dataconnect": could not find dataconnect.yaml in `f:\z_apps\tools\flutters\shipping-firebase\firebase-backend\dataconnect`
 {"metadata":{"emulator":{"name":"dataconnect"},"message":"E0721 21:40:40.777693    1624 load.go:23] Could not load config from \"f:\\\\z_apps\\\\tools\\\\flutters\\\\shipping-firebase\\\\firebase-backend\\\\dataconnect\": could not find dataconnect.yaml in `f:\\z_apps\\tools\\flutters\\shipping-firebase\\firebase-backend\\dataconnect`\n"}}
[debug] [2025-07-21T18:40:50.777Z] E0721 21:40:50.777615    1624 load.go:23] Could not load config from "f:\\z_apps\\tools\\flutters\\shipping-firebase\\firebase-backend\\dataconnect": could not find dataconnect.yaml in `f:\z_apps\tools\flutters\shipping-firebase\firebase-backend\dataconnect`
 {"metadata":{"emulator":{"name":"dataconnect"},"message":"E0721 21:40:50.777615    1624 load.go:23] Could not load config from \"f:\\\\z_apps\\\\tools\\\\flutters\\\\shipping-firebase\\\\firebase-backend\\\\dataconnect\": could not find dataconnect.yaml in `f:\\z_apps\\tools\\flutters\\shipping-firebase\\firebase-backend\\dataconnect`\n"}}
[debug] [2025-07-21T18:41:00.778Z] E0721 21:41:00.778377    1624 load.go:23] Could not load config from "f:\\z_apps\\tools\\flutters\\shipping-firebase\\firebase-backend\\dataconnect": could not find dataconnect.yaml in `f:\z_apps\tools\flutters\shipping-firebase\firebase-backend\dataconnect`
 {"metadata":{"emulator":{"name":"dataconnect"},"message":"E0721 21:41:00.778377    1624 load.go:23] Could not load config from \"f:\\\\z_apps\\\\tools\\\\flutters\\\\shipping-firebase\\\\firebase-backend\\\\dataconnect\": could not find dataconnect.yaml in `f:\\z_apps\\tools\\flutters\\shipping-firebase\\firebase-backend\\dataconnect`\n"}}
[debug] [2025-07-21T18:41:10.778Z] E0721 21:41:10.778307    1624 load.go:23] Could not load config from "f:\\z_apps\\tools\\flutters\\shipping-firebase\\firebase-backend\\dataconnect": could not find dataconnect.yaml in `f:\z_apps\tools\flutters\shipping-firebase\firebase-backend\dataconnect`
 {"metadata":{"emulator":{"name":"dataconnect"},"message":"E0721 21:41:10.778307    1624 load.go:23] Could not load config from \"f:\\\\z_apps\\\\tools\\\\flutters\\\\shipping-firebase\\\\firebase-backend\\\\dataconnect\": could not find dataconnect.yaml in `f:\\z_apps\\tools\\flutters\\shipping-firebase\\firebase-backend\\dataconnect`\n"}}
[debug] [2025-07-21T18:41:20.777Z] E0721 21:41:20.777487    1624 load.go:23] Could not load config from "f:\\z_apps\\tools\\flutters\\shipping-firebase\\firebase-backend\\dataconnect": could not find dataconnect.yaml in `f:\z_apps\tools\flutters\shipping-firebase\firebase-backend\dataconnect`
E0721 21:41:20.777487    1624 watch.go:76] watchAllDir unable to walk dir `f:\z_apps\tools\flutters\shipping-firebase\firebase-backend\dataconnect`: on path "f:\\z_apps\\tools\\flutters\\shipping-firebase\\firebase-backend\\dataconnect" (DirEntry: <nil>): CreateFile f:\z_apps\tools\flutters\shipping-firebase\firebase-backend\dataconnect: The system cannot find the file specified.
 {"metadata":{"emulator":{"name":"dataconnect"},"message":"E0721 21:41:20.777487    1624 load.go:23] Could not load config from \"f:\\\\z_apps\\\\tools\\\\flutters\\\\shipping-firebase\\\\firebase-backend\\\\dataconnect\": could not find dataconnect.yaml in `f:\\z_apps\\tools\\flutters\\shipping-firebase\\firebase-backend\\dataconnect`\nE0721 21:41:20.777487    1624 watch.go:76] watchAllDir unable to walk dir `f:\\z_apps\\tools\\flutters\\shipping-firebase\\firebase-backend\\dataconnect`: on path \"f:\\\\z_apps\\\\tools\\\\flutters\\\\shipping-firebase\\\\firebase-backend\\\\dataconnect\" (DirEntry: <nil>): CreateFile f:\\z_apps\\tools\\flutters\\shipping-firebase\\firebase-backend\\dataconnect: The system cannot find the file specified.\n"}}
[debug] [2025-07-21T18:41:30.777Z] E0721 21:41:30.777430    1624 load.go:23] Could not load config from "f:\\z_apps\\tools\\flutters\\shipping-firebase\\firebase-backend\\dataconnect": could not find dataconnect.yaml in `f:\z_apps\tools\flutters\shipping-firebase\firebase-backend\dataconnect`
 {"metadata":{"emulator":{"name":"dataconnect"},"message":"E0721 21:41:30.777430    1624 load.go:23] Could not load config from \"f:\\\\z_apps\\\\tools\\\\flutters\\\\shipping-firebase\\\\firebase-backend\\\\dataconnect\": could not find dataconnect.yaml in `f:\\z_apps\\tools\\flutters\\shipping-firebase\\firebase-backend\\dataconnect`\n"}}
[debug] [2025-07-21T18:41:40.777Z] E0721 21:41:40.777644    1624 load.go:23] Could not load config from "f:\\z_apps\\tools\\flutters\\shipping-firebase\\firebase-backend\\dataconnect": could not find dataconnect.yaml in `f:\z_apps\tools\flutters\shipping-firebase\firebase-backend\dataconnect`
 {"metadata":{"emulator":{"name":"dataconnect"},"message":"E0721 21:41:40.777644    1624 load.go:23] Could not load config from \"f:\\\\z_apps\\\\tools\\\\flutters\\\\shipping-firebase\\\\firebase-backend\\\\dataconnect\": could not find dataconnect.yaml in `f:\\z_apps\\tools\\flutters\\shipping-firebase\\firebase-backend\\dataconnect`\n"}}
[debug] [2025-07-21T18:41:50.807Z] E0721 21:41:50.777430    1624 load.go:23] Could not load config from "f:\\z_apps\\tools\\flutters\\shipping-firebase\\firebase-backend\\dataconnect": could not find dataconnect.yaml in `f:\z_apps\tools\flutters\shipping-firebase\firebase-backend\dataconnect`
 {"metadata":{"emulator":{"name":"dataconnect"},"message":"E0721 21:41:50.777430    1624 load.go:23] Could not load config from \"f:\\\\z_apps\\\\tools\\\\flutters\\\\shipping-firebase\\\\firebase-backend\\\\dataconnect\": could not find dataconnect.yaml in `f:\\z_apps\\tools\\flutters\\shipping-firebase\\firebase-backend\\dataconnect`\n"}}
[debug] [2025-07-21T18:42:00.778Z] E0721 21:42:00.778064    1624 load.go:23] Could not load config from "f:\\z_apps\\tools\\flutters\\shipping-firebase\\firebase-backend\\dataconnect": could not find dataconnect.yaml in `f:\z_apps\tools\flutters\shipping-firebase\firebase-backend\dataconnect`
 {"metadata":{"emulator":{"name":"dataconnect"},"message":"E0721 21:42:00.778064    1624 load.go:23] Could not load config from \"f:\\\\z_apps\\\\tools\\\\flutters\\\\shipping-firebase\\\\firebase-backend\\\\dataconnect\": could not find dataconnect.yaml in `f:\\z_apps\\tools\\flutters\\shipping-firebase\\firebase-backend\\dataconnect`\n"}}
[debug] [2025-07-21T18:42:10.777Z] E0721 21:42:10.777821    1624 load.go:23] Could not load config from "f:\\z_apps\\tools\\flutters\\shipping-firebase\\firebase-backend\\dataconnect": could not find dataconnect.yaml in `f:\z_apps\tools\flutters\shipping-firebase\firebase-backend\dataconnect`
 {"metadata":{"emulator":{"name":"dataconnect"},"message":"E0721 21:42:10.777821    1624 load.go:23] Could not load config from \"f:\\\\z_apps\\\\tools\\\\flutters\\\\shipping-firebase\\\\firebase-backend\\\\dataconnect\": could not find dataconnect.yaml in `f:\\z_apps\\tools\\flutters\\shipping-firebase\\firebase-backend\\dataconnect`\n"}}
[debug] [2025-07-21T18:42:20.778Z] E0721 21:42:20.777844    1624 load.go:23] Could not load config from "f:\\z_apps\\tools\\flutters\\shipping-firebase\\firebase-backend\\dataconnect": could not find dataconnect.yaml in `f:\z_apps\tools\flutters\shipping-firebase\firebase-backend\dataconnect`
 {"metadata":{"emulator":{"name":"dataconnect"},"message":"E0721 21:42:20.777844    1624 load.go:23] Could not load config from \"f:\\\\z_apps\\\\tools\\\\flutters\\\\shipping-firebase\\\\firebase-backend\\\\dataconnect\": could not find dataconnect.yaml in `f:\\z_apps\\tools\\flutters\\shipping-firebase\\firebase-backend\\dataconnect`\n"}}
[debug] [2025-07-21T18:42:30.778Z] E0721 21:42:30.777780    1624 load.go:23] Could not load config from "f:\\z_apps\\tools\\flutters\\shipping-firebase\\firebase-backend\\dataconnect": could not find dataconnect.yaml in `f:\z_apps\tools\flutters\shipping-firebase\firebase-backend\dataconnect`
 {"metadata":{"emulator":{"name":"dataconnect"},"message":"E0721 21:42:30.777780    1624 load.go:23] Could not load config from \"f:\\\\z_apps\\\\tools\\\\flutters\\\\shipping-firebase\\\\firebase-backend\\\\dataconnect\": could not find dataconnect.yaml in `f:\\z_apps\\tools\\flutters\\shipping-firebase\\firebase-backend\\dataconnect`\n"}}
[debug] [2025-07-21T18:42:40.777Z] E0721 21:42:40.777491    1624 load.go:23] Could not load config from "f:\\z_apps\\tools\\flutters\\shipping-firebase\\firebase-backend\\dataconnect": could not find dataconnect.yaml in `f:\z_apps\tools\flutters\shipping-firebase\firebase-backend\dataconnect`
 {"metadata":{"emulator":{"name":"dataconnect"},"message":"E0721 21:42:40.777491    1624 load.go:23] Could not load config from \"f:\\\\z_apps\\\\tools\\\\flutters\\\\shipping-firebase\\\\firebase-backend\\\\dataconnect\": could not find dataconnect.yaml in `f:\\z_apps\\tools\\flutters\\shipping-firebase\\firebase-backend\\dataconnect`\n"}}
[debug] [2025-07-21T18:42:50.778Z] E0721 21:42:50.778210    1624 load.go:23] Could not load config from "f:\\z_apps\\tools\\flutters\\shipping-firebase\\firebase-backend\\dataconnect": could not find dataconnect.yaml in `f:\z_apps\tools\flutters\shipping-firebase\firebase-backend\dataconnect`
 {"metadata":{"emulator":{"name":"dataconnect"},"message":"E0721 21:42:50.778210    1624 load.go:23] Could not load config from \"f:\\\\z_apps\\\\tools\\\\flutters\\\\shipping-firebase\\\\firebase-backend\\\\dataconnect\": could not find dataconnect.yaml in `f:\\z_apps\\tools\\flutters\\shipping-firebase\\firebase-backend\\dataconnect`\n"}}
[debug] [2025-07-21T18:43:00.777Z] E0721 21:43:00.777369    1624 load.go:23] Could not load config from "f:\\z_apps\\tools\\flutters\\shipping-firebase\\firebase-backend\\dataconnect": could not find dataconnect.yaml in `f:\z_apps\tools\flutters\shipping-firebase\firebase-backend\dataconnect`
 {"metadata":{"emulator":{"name":"dataconnect"},"message":"E0721 21:43:00.777369    1624 load.go:23] Could not load config from \"f:\\\\z_apps\\\\tools\\\\flutters\\\\shipping-firebase\\\\firebase-backend\\\\dataconnect\": could not find dataconnect.yaml in `f:\\z_apps\\tools\\flutters\\shipping-firebase\\firebase-backend\\dataconnect`\n"}}
[debug] [2025-07-21T18:43:10.778Z] E0721 21:43:10.777728    1624 load.go:23] Could not load config from "f:\\z_apps\\tools\\flutters\\shipping-firebase\\firebase-backend\\dataconnect": could not find dataconnect.yaml in `f:\z_apps\tools\flutters\shipping-firebase\firebase-backend\dataconnect`
 {"metadata":{"emulator":{"name":"dataconnect"},"message":"E0721 21:43:10.777728    1624 load.go:23] Could not load config from \"f:\\\\z_apps\\\\tools\\\\flutters\\\\shipping-firebase\\\\firebase-backend\\\\dataconnect\": could not find dataconnect.yaml in `f:\\z_apps\\tools\\flutters\\shipping-firebase\\firebase-backend\\dataconnect`\n"}}
[debug] [2025-07-21T18:43:20.778Z] E0721 21:43:20.778348    1624 load.go:23] Could not load config from "f:\\z_apps\\tools\\flutters\\shipping-firebase\\firebase-backend\\dataconnect": could not find dataconnect.yaml in `f:\z_apps\tools\flutters\shipping-firebase\firebase-backend\dataconnect`
E0721 21:43:20.778348    1624 watch.go:76] watchAllDir unable to walk dir `f:\z_apps\tools\flutters\shipping-firebase\firebase-backend\dataconnect`: on path "f:\\z_apps\\tools\\flutters\\shipping-firebase\\firebase-backend\\dataconnect" (DirEntry: <nil>): CreateFile f:\z_apps\tools\flutters\shipping-firebase\firebase-backend\dataconnect: The system cannot find the file specified.
 {"metadata":{"emulator":{"name":"dataconnect"},"message":"E0721 21:43:20.778348    1624 load.go:23] Could not load config from \"f:\\\\z_apps\\\\tools\\\\flutters\\\\shipping-firebase\\\\firebase-backend\\\\dataconnect\": could not find dataconnect.yaml in `f:\\z_apps\\tools\\flutters\\shipping-firebase\\firebase-backend\\dataconnect`\nE0721 21:43:20.778348    1624 watch.go:76] watchAllDir unable to walk dir `f:\\z_apps\\tools\\flutters\\shipping-firebase\\firebase-backend\\dataconnect`: on path \"f:\\\\z_apps\\\\tools\\\\flutters\\\\shipping-firebase\\\\firebase-backend\\\\dataconnect\" (DirEntry: <nil>): CreateFile f:\\z_apps\\tools\\flutters\\shipping-firebase\\firebase-backend\\dataconnect: The system cannot find the file specified.\n"}}
[debug] [2025-07-21T18:43:30.778Z] E0721 21:43:30.777512    1624 load.go:23] Could not load config from "f:\\z_apps\\tools\\flutters\\shipping-firebase\\firebase-backend\\dataconnect": could not find dataconnect.yaml in `f:\z_apps\tools\flutters\shipping-firebase\firebase-backend\dataconnect`
 {"metadata":{"emulator":{"name":"dataconnect"},"message":"E0721 21:43:30.777512    1624 load.go:23] Could not load config from \"f:\\\\z_apps\\\\tools\\\\flutters\\\\shipping-firebase\\\\firebase-backend\\\\dataconnect\": could not find dataconnect.yaml in `f:\\z_apps\\tools\\flutters\\shipping-firebase\\firebase-backend\\dataconnect`\n"}}
[debug] [2025-07-21T18:43:40.804Z] E0721 21:43:40.803774    1624 load.go:23] Could not load config from "f:\\z_apps\\tools\\flutters\\shipping-firebase\\firebase-backend\\dataconnect": could not find dataconnect.yaml in `f:\z_apps\tools\flutters\shipping-firebase\firebase-backend\dataconnect`
 {"metadata":{"emulator":{"name":"dataconnect"},"message":"E0721 21:43:40.803774    1624 load.go:23] Could not load config from \"f:\\\\z_apps\\\\tools\\\\flutters\\\\shipping-firebase\\\\firebase-backend\\\\dataconnect\": could not find dataconnect.yaml in `f:\\z_apps\\tools\\flutters\\shipping-firebase\\firebase-backend\\dataconnect`\n"}}
[debug] [2025-07-21T18:43:50.778Z] E0721 21:43:50.778374    1624 load.go:23] Could not load config from "f:\\z_apps\\tools\\flutters\\shipping-firebase\\firebase-backend\\dataconnect": could not find dataconnect.yaml in `f:\z_apps\tools\flutters\shipping-firebase\firebase-backend\dataconnect`
 {"metadata":{"emulator":{"name":"dataconnect"},"message":"E0721 21:43:50.778374    1624 load.go:23] Could not load config from \"f:\\\\z_apps\\\\tools\\\\flutters\\\\shipping-firebase\\\\firebase-backend\\\\dataconnect\": could not find dataconnect.yaml in `f:\\z_apps\\tools\\flutters\\shipping-firebase\\firebase-backend\\dataconnect`\n"}}
[debug] [2025-07-21T18:44:00.778Z] E0721 21:44:00.777437    1624 load.go:23] Could not load config from "f:\\z_apps\\tools\\flutters\\shipping-firebase\\firebase-backend\\dataconnect": could not find dataconnect.yaml in `f:\z_apps\tools\flutters\shipping-firebase\firebase-backend\dataconnect`
 {"metadata":{"emulator":{"name":"dataconnect"},"message":"E0721 21:44:00.777437    1624 load.go:23] Could not load config from \"f:\\\\z_apps\\\\tools\\\\flutters\\\\shipping-firebase\\\\firebase-backend\\\\dataconnect\": could not find dataconnect.yaml in `f:\\z_apps\\tools\\flutters\\shipping-firebase\\firebase-backend\\dataconnect`\n"}}
